This is pdfTeX, Version 3.1415926-2.5-1.40.14 (TeX Live 2013/Debian) (format=pdflatex 2016.2.1)  10 MAY 2016 20:29
entering extended mode
 restricted \write18 enabled.
 %&-line parsing enabled.
**relatorio_intermedio.tex
(./relatorio_intermedio.tex
LaTeX2e <2011/06/27>
Babel <3.9h> and hyphenation patterns for 78 languages loaded.
(/usr/share/texlive/texmf-dist/tex/latex/base/article.cls
Document Class: article 2007/10/19 v1.4h Standard LaTeX document class
(/usr/share/texlive/texmf-dist/tex/latex/base/size10.clo
File: size10.clo 2007/10/19 v1.4h Standard LaTeX file (size option)
)
\c@part=\count79
\c@section=\count80
\c@subsection=\count81
\c@subsubsection=\count82
\c@paragraph=\count83
\c@subparagraph=\count84
\c@figure=\count85
\c@table=\count86
\abovecaptionskip=\skip41
\belowcaptionskip=\skip42
\bibindent=\dimen102
)
(/usr/share/texlive/texmf-dist/tex/generic/babel/babel.sty
Package: babel 2013/12/03 3.9h The Babel package

(/usr/share/texlive/texmf-dist/tex/generic/babel-portuges/portuges.ldf
Language: portuges 2008/03/18 v1.2q Portuguese support from the babel system

(/usr/share/texlive/texmf-dist/tex/generic/babel/babel.def
File: babel.def 2013/12/03 3.9h Babel common definitions
\babel@savecnt=\count87
\U@D=\dimen103
)
Package babel Info: Making " an active character on input line 145.
))
(/usr/share/texlive/texmf-dist/tex/latex/comment/comment.sty
\CommentStream=\write3

Excluding comment 'comment')
(/usr/share/texlive/texmf-dist/tex/latex/base/fontenc.sty
Package: fontenc 2005/09/27 v1.99g Standard LaTeX package

(/usr/share/texlive/texmf-dist/tex/latex/base/t1enc.def
File: t1enc.def 2005/09/27 v1.99g Standard LaTeX file
LaTeX Font Info:    Redeclaring font encoding T1 on input line 43.
))
(/usr/share/texlive/texmf-dist/tex/latex/base/inputenc.sty
Package: inputenc 2008/03/30 v1.1d Input encoding file
\inpenc@prehook=\toks14
\inpenc@posthook=\toks15

(/usr/share/texlive/texmf-dist/tex/latex/base/utf8.def
File: utf8.def 2008/04/05 v1.1m UTF-8 support for inputenc
Now handling font encoding OML ...
... no UTF-8 mapping file for font encoding OML
Now handling font encoding T1 ...
... processing UTF-8 mapping file for font encoding T1

(/usr/share/texlive/texmf-dist/tex/latex/base/t1enc.dfu
File: t1enc.dfu 2008/04/05 v1.1m UTF-8 support for inputenc
   defining Unicode char U+00A1 (decimal 161)
   defining Unicode char U+00A3 (decimal 163)
   defining Unicode char U+00AB (decimal 171)
   defining Unicode char U+00BB (decimal 187)
   defining Unicode char U+00BF (decimal 191)
   defining Unicode char U+00C0 (decimal 192)
   defining Unicode char U+00C1 (decimal 193)
   defining Unicode char U+00C2 (decimal 194)
   defining Unicode char U+00C3 (decimal 195)
   defining Unicode char U+00C4 (decimal 196)
   defining Unicode char U+00C5 (decimal 197)
   defining Unicode char U+00C6 (decimal 198)
   defining Unicode char U+00C7 (decimal 199)
   defining Unicode char U+00C8 (decimal 200)
   defining Unicode char U+00C9 (decimal 201)
   defining Unicode char U+00CA (decimal 202)
   defining Unicode char U+00CB (decimal 203)
   defining Unicode char U+00CC (decimal 204)
   defining Unicode char U+00CD (decimal 205)
   defining Unicode char U+00CE (decimal 206)
   defining Unicode char U+00CF (decimal 207)
   defining Unicode char U+00D0 (decimal 208)
   defining Unicode char U+00D1 (decimal 209)
   defining Unicode char U+00D2 (decimal 210)
   defining Unicode char U+00D3 (decimal 211)
   defining Unicode char U+00D4 (decimal 212)
   defining Unicode char U+00D5 (decimal 213)
   defining Unicode char U+00D6 (decimal 214)
   defining Unicode char U+00D8 (decimal 216)
   defining Unicode char U+00D9 (decimal 217)
   defining Unicode char U+00DA (decimal 218)
   defining Unicode char U+00DB (decimal 219)
   defining Unicode char U+00DC (decimal 220)
   defining Unicode char U+00DD (decimal 221)
   defining Unicode char U+00DE (decimal 222)
   defining Unicode char U+00DF (decimal 223)
   defining Unicode char U+00E0 (decimal 224)
   defining Unicode char U+00E1 (decimal 225)
   defining Unicode char U+00E2 (decimal 226)
   defining Unicode char U+00E3 (decimal 227)
   defining Unicode char U+00E4 (decimal 228)
   defining Unicode char U+00E5 (decimal 229)
   defining Unicode char U+00E6 (decimal 230)
   defining Unicode char U+00E7 (decimal 231)
   defining Unicode char U+00E8 (decimal 232)
   defining Unicode char U+00E9 (decimal 233)
   defining Unicode char U+00EA (decimal 234)
   defining Unicode char U+00EB (decimal 235)
   defining Unicode char U+00EC (decimal 236)
   defining Unicode char U+00ED (decimal 237)
   defining Unicode char U+00EE (decimal 238)
   defining Unicode char U+00EF (decimal 239)
   defining Unicode char U+00F0 (decimal 240)
   defining Unicode char U+00F1 (decimal 241)
   defining Unicode char U+00F2 (decimal 242)
   defining Unicode char U+00F3 (decimal 243)
   defining Unicode char U+00F4 (decimal 244)
   defining Unicode char U+00F5 (decimal 245)
   defining Unicode char U+00F6 (decimal 246)
   defining Unicode char U+00F8 (decimal 248)
   defining Unicode char U+00F9 (decimal 249)
   defining Unicode char U+00FA (decimal 250)
   defining Unicode char U+00FB (decimal 251)
   defining Unicode char U+00FC (decimal 252)
   defining Unicode char U+00FD (decimal 253)
   defining Unicode char U+00FE (decimal 254)
   defining Unicode char U+00FF (decimal 255)
   defining Unicode char U+0102 (decimal 258)
   defining Unicode char U+0103 (decimal 259)
   defining Unicode char U+0104 (decimal 260)
   defining Unicode char U+0105 (decimal 261)
   defining Unicode char U+0106 (decimal 262)
   defining Unicode char U+0107 (decimal 263)
   defining Unicode char U+010C (decimal 268)
   defining Unicode char U+010D (decimal 269)
   defining Unicode char U+010E (decimal 270)
   defining Unicode char U+010F (decimal 271)
   defining Unicode char U+0110 (decimal 272)
   defining Unicode char U+0111 (decimal 273)
   defining Unicode char U+0118 (decimal 280)
   defining Unicode char U+0119 (decimal 281)
   defining Unicode char U+011A (decimal 282)
   defining Unicode char U+011B (decimal 283)
   defining Unicode char U+011E (decimal 286)
   defining Unicode char U+011F (decimal 287)
   defining Unicode char U+0130 (decimal 304)
   defining Unicode char U+0131 (decimal 305)
   defining Unicode char U+0132 (decimal 306)
   defining Unicode char U+0133 (decimal 307)
   defining Unicode char U+0139 (decimal 313)
   defining Unicode char U+013A (decimal 314)
   defining Unicode char U+013D (decimal 317)
   defining Unicode char U+013E (decimal 318)
   defining Unicode char U+0141 (decimal 321)
   defining Unicode char U+0142 (decimal 322)
   defining Unicode char U+0143 (decimal 323)
   defining Unicode char U+0144 (decimal 324)
   defining Unicode char U+0147 (decimal 327)
   defining Unicode char U+0148 (decimal 328)
   defining Unicode char U+014A (decimal 330)
   defining Unicode char U+014B (decimal 331)
   defining Unicode char U+0150 (decimal 336)
   defining Unicode char U+0151 (decimal 337)
   defining Unicode char U+0152 (decimal 338)
   defining Unicode char U+0153 (decimal 339)
   defining Unicode char U+0154 (decimal 340)
   defining Unicode char U+0155 (decimal 341)
   defining Unicode char U+0158 (decimal 344)
   defining Unicode char U+0159 (decimal 345)
   defining Unicode char U+015A (decimal 346)
   defining Unicode char U+015B (decimal 347)
   defining Unicode char U+015E (decimal 350)
   defining Unicode char U+015F (decimal 351)
   defining Unicode char U+0160 (decimal 352)
   defining Unicode char U+0161 (decimal 353)
   defining Unicode char U+0162 (decimal 354)
   defining Unicode char U+0163 (decimal 355)
   defining Unicode char U+0164 (decimal 356)
   defining Unicode char U+0165 (decimal 357)
   defining Unicode char U+016E (decimal 366)
   defining Unicode char U+016F (decimal 367)
   defining Unicode char U+0170 (decimal 368)
   defining Unicode char U+0171 (decimal 369)
   defining Unicode char U+0178 (decimal 376)
   defining Unicode char U+0179 (decimal 377)
   defining Unicode char U+017A (decimal 378)
   defining Unicode char U+017B (decimal 379)
   defining Unicode char U+017C (decimal 380)
   defining Unicode char U+017D (decimal 381)
   defining Unicode char U+017E (decimal 382)
   defining Unicode char U+200C (decimal 8204)
   defining Unicode char U+2013 (decimal 8211)
   defining Unicode char U+2014 (decimal 8212)
   defining Unicode char U+2018 (decimal 8216)
   defining Unicode char U+2019 (decimal 8217)
   defining Unicode char U+201A (decimal 8218)
   defining Unicode char U+201C (decimal 8220)
   defining Unicode char U+201D (decimal 8221)
   defining Unicode char U+201E (decimal 8222)
   defining Unicode char U+2030 (decimal 8240)
   defining Unicode char U+2031 (decimal 8241)
   defining Unicode char U+2039 (decimal 8249)
   defining Unicode char U+203A (decimal 8250)
   defining Unicode char U+2423 (decimal 9251)
)
Now handling font encoding OT1 ...
... processing UTF-8 mapping file for font encoding OT1

(/usr/share/texlive/texmf-dist/tex/latex/base/ot1enc.dfu
File: ot1enc.dfu 2008/04/05 v1.1m UTF-8 support for inputenc
   defining Unicode char U+00A1 (decimal 161)
   defining Unicode char U+00A3 (decimal 163)
   defining Unicode char U+00B8 (decimal 184)
   defining Unicode char U+00BF (decimal 191)
   defining Unicode char U+00C5 (decimal 197)
   defining Unicode char U+00C6 (decimal 198)
   defining Unicode char U+00D8 (decimal 216)
   defining Unicode char U+00DF (decimal 223)
   defining Unicode char U+00E6 (decimal 230)
   defining Unicode char U+00EC (decimal 236)
   defining Unicode char U+00ED (decimal 237)
   defining Unicode char U+00EE (decimal 238)
   defining Unicode char U+00EF (decimal 239)
   defining Unicode char U+00F8 (decimal 248)
   defining Unicode char U+0131 (decimal 305)
   defining Unicode char U+0141 (decimal 321)
   defining Unicode char U+0142 (decimal 322)
   defining Unicode char U+0152 (decimal 338)
   defining Unicode char U+0153 (decimal 339)
   defining Unicode char U+2013 (decimal 8211)
   defining Unicode char U+2014 (decimal 8212)
   defining Unicode char U+2018 (decimal 8216)
   defining Unicode char U+2019 (decimal 8217)
   defining Unicode char U+201C (decimal 8220)
   defining Unicode char U+201D (decimal 8221)
)
Now handling font encoding OMS ...
... processing UTF-8 mapping file for font encoding OMS

(/usr/share/texlive/texmf-dist/tex/latex/base/omsenc.dfu
File: omsenc.dfu 2008/04/05 v1.1m UTF-8 support for inputenc
   defining Unicode char U+00A7 (decimal 167)
   defining Unicode char U+00B6 (decimal 182)
   defining Unicode char U+00B7 (decimal 183)
   defining Unicode char U+2020 (decimal 8224)
   defining Unicode char U+2021 (decimal 8225)
   defining Unicode char U+2022 (decimal 8226)
)
Now handling font encoding OMX ...
... no UTF-8 mapping file for font encoding OMX
Now handling font encoding U ...
... no UTF-8 mapping file for font encoding U
   defining Unicode char U+00A9 (decimal 169)
   defining Unicode char U+00AA (decimal 170)
   defining Unicode char U+00AE (decimal 174)
   defining Unicode char U+00BA (decimal 186)
   defining Unicode char U+02C6 (decimal 710)
   defining Unicode char U+02DC (decimal 732)
   defining Unicode char U+200C (decimal 8204)
   defining Unicode char U+2026 (decimal 8230)
   defining Unicode char U+2122 (decimal 8482)
   defining Unicode char U+2423 (decimal 9251)
))
(/usr/share/texlive/texmf-dist/tex/latex/hyperref/hyperref.sty
Package: hyperref 2012/11/06 v6.83m Hypertext links for LaTeX

(/usr/share/texlive/texmf-dist/tex/generic/oberdiek/hobsub-hyperref.sty
Package: hobsub-hyperref 2012/05/28 v1.13 Bundle oberdiek, subset hyperref (HO)


(/usr/share/texlive/texmf-dist/tex/generic/oberdiek/hobsub-generic.sty
Package: hobsub-generic 2012/05/28 v1.13 Bundle oberdiek, subset generic (HO)
Package: hobsub 2012/05/28 v1.13 Construct package bundles (HO)
Package: infwarerr 2010/04/08 v1.3 Providing info/warning/error messages (HO)
Package: ltxcmds 2011/11/09 v1.22 LaTeX kernel commands for general use (HO)
Package: ifluatex 2010/03/01 v1.3 Provides the ifluatex switch (HO)
Package ifluatex Info: LuaTeX not detected.
Package: ifvtex 2010/03/01 v1.5 Detect VTeX and its facilities (HO)
Package ifvtex Info: VTeX not detected.
Package: intcalc 2007/09/27 v1.1 Expandable calculations with integers (HO)
Package: ifpdf 2011/01/30 v2.3 Provides the ifpdf switch (HO)
Package ifpdf Info: pdfTeX in PDF mode is detected.
Package: etexcmds 2011/02/16 v1.5 Avoid name clashes with e-TeX commands (HO)
Package etexcmds Info: Could not find \expanded.
(etexcmds)             That can mean that you are not using pdfTeX 1.50 or
(etexcmds)             that some package has redefined \expanded.
(etexcmds)             In the latter case, load this package earlier.
Package: kvsetkeys 2012/04/25 v1.16 Key value parser (HO)
Package: kvdefinekeys 2011/04/07 v1.3 Define keys (HO)
Package: pdftexcmds 2011/11/29 v0.20 Utility functions of pdfTeX for LuaTeX (HO
)
Package pdftexcmds Info: LuaTeX not detected.
Package pdftexcmds Info: \pdf@primitive is available.
Package pdftexcmds Info: \pdf@ifprimitive is available.
Package pdftexcmds Info: \pdfdraftmode found.
Package: pdfescape 2011/11/25 v1.13 Implements pdfTeX's escape features (HO)
Package: bigintcalc 2012/04/08 v1.3 Expandable calculations on big integers (HO
)
Package: bitset 2011/01/30 v1.1 Handle bit-vector datatype (HO)
Package: uniquecounter 2011/01/30 v1.2 Provide unlimited unique counter (HO)
)
Package hobsub Info: Skipping package `hobsub' (already loaded).
Package: letltxmacro 2010/09/02 v1.4 Let assignment for LaTeX macros (HO)
Package: hopatch 2012/05/28 v1.2 Wrapper for package hooks (HO)
Package: xcolor-patch 2011/01/30 xcolor patch
Package: atveryend 2011/06/30 v1.8 Hooks at the very end of document (HO)
Package atveryend Info: \enddocument detected (standard20110627).
Package: atbegshi 2011/10/05 v1.16 At begin shipout hook (HO)
Package: refcount 2011/10/16 v3.4 Data extraction from label references (HO)
Package: hycolor 2011/01/30 v1.7 Color options for hyperref/bookmark (HO)
)
(/usr/share/texlive/texmf-dist/tex/latex/graphics/keyval.sty
Package: keyval 1999/03/16 v1.13 key=value parser (DPC)
\KV@toks@=\toks16
)
(/usr/share/texlive/texmf-dist/tex/generic/ifxetex/ifxetex.sty
Package: ifxetex 2010/09/12 v0.6 Provides ifxetex conditional
)
(/usr/share/texlive/texmf-dist/tex/latex/oberdiek/auxhook.sty
Package: auxhook 2011/03/04 v1.3 Hooks for auxiliary files (HO)
)
(/usr/share/texlive/texmf-dist/tex/latex/oberdiek/kvoptions.sty
Package: kvoptions 2011/06/30 v3.11 Key value format for package options (HO)
)
\@linkdim=\dimen104
\Hy@linkcounter=\count88
\Hy@pagecounter=\count89

(/usr/share/texlive/texmf-dist/tex/latex/hyperref/pd1enc.def
File: pd1enc.def 2012/11/06 v6.83m Hyperref: PDFDocEncoding definition (HO)
Now handling font encoding PD1 ...
... no UTF-8 mapping file for font encoding PD1
)
\Hy@SavedSpaceFactor=\count90

(/usr/share/texlive/texmf-dist/tex/latex/latexconfig/hyperref.cfg
File: hyperref.cfg 2002/06/06 v1.2 hyperref configuration of TeXLive
)
Package hyperref Info: Hyper figures OFF on input line 4443.
Package hyperref Info: Link nesting OFF on input line 4448.
Package hyperref Info: Hyper index ON on input line 4451.
Package hyperref Info: Plain pages OFF on input line 4458.
Package hyperref Info: Backreferencing OFF on input line 4463.
Package hyperref Info: Implicit mode ON; LaTeX internals redefined.
Package hyperref Info: Bookmarks ON on input line 4688.
\c@Hy@tempcnt=\count91

(/usr/share/texlive/texmf-dist/tex/latex/url/url.sty
\Urlmuskip=\muskip10
Package: url 2013/09/16  ver 3.4  Verb mode for urls, etc.
)
LaTeX Info: Redefining \url on input line 5041.
\XeTeXLinkMargin=\dimen105
\Fld@menulength=\count92
\Field@Width=\dimen106
\Fld@charsize=\dimen107
Package hyperref Info: Hyper figures OFF on input line 6295.
Package hyperref Info: Link nesting OFF on input line 6300.
Package hyperref Info: Hyper index ON on input line 6303.
Package hyperref Info: backreferencing OFF on input line 6310.
Package hyperref Info: Link coloring OFF on input line 6315.
Package hyperref Info: Link coloring with OCG OFF on input line 6320.
Package hyperref Info: PDF/A mode OFF on input line 6325.
LaTeX Info: Redefining \ref on input line 6365.
LaTeX Info: Redefining \pageref on input line 6369.
\Hy@abspage=\count93
\c@Item=\count94
\c@Hfootnote=\count95
)

Package hyperref Message: Driver (autodetected): hpdftex.

(/usr/share/texlive/texmf-dist/tex/latex/hyperref/hpdftex.def
File: hpdftex.def 2012/11/06 v6.83m Hyperref driver for pdfTeX
\Fld@listcount=\count96
\c@bookmark@seq@number=\count97

(/usr/share/texlive/texmf-dist/tex/latex/oberdiek/rerunfilecheck.sty
Package: rerunfilecheck 2011/04/15 v1.7 Rerun checks for auxiliary files (HO)
Package uniquecounter Info: New unique counter `rerunfilecheck' on input line 2
82.
)
\Hy@SectionHShift=\skip43
)
(/usr/share/texlive/texmf-dist/tex/latex/graphics/graphicx.sty
Package: graphicx 1999/02/16 v1.0f Enhanced LaTeX Graphics (DPC,SPQR)

(/usr/share/texlive/texmf-dist/tex/latex/graphics/graphics.sty
Package: graphics 2009/02/05 v1.0o Standard LaTeX Graphics (DPC,SPQR)

(/usr/share/texlive/texmf-dist/tex/latex/graphics/trig.sty
Package: trig 1999/03/16 v1.09 sin cos tan (DPC)
)
(/usr/share/texlive/texmf-dist/tex/latex/latexconfig/graphics.cfg
File: graphics.cfg 2010/04/23 v1.9 graphics configuration of TeX Live
)
Package graphics Info: Driver file: pdftex.def on input line 91.

(/usr/share/texlive/texmf-dist/tex/latex/pdftex-def/pdftex.def
File: pdftex.def 2011/05/27 v0.06d Graphics/color for pdfTeX
\Gread@gobject=\count98
))
\Gin@req@height=\dimen108
\Gin@req@width=\dimen109
)
(/usr/share/texlive/texmf-dist/tex/latex/float/float.sty
Package: float 2001/11/08 v1.3d Float enhancements (AL)
\c@float@type=\count99
\float@exts=\toks17
\float@box=\box26
\@float@everytoks=\toks18
\@floatcapt=\box27
)
(/usr/share/texlive/texmf-dist/tex/latex/multirow/multirow.sty
\bigstrutjot=\dimen110
)
(/usr/share/texlive/texmf-dist/tex/latex/tools/indentfirst.sty
Package: indentfirst 1995/11/23 v1.03 Indent first paragraph (DPC)
)
(/usr/share/texlive/texmf-dist/tex/latex/caption/caption.sty
Package: caption 2013/05/02 v3.3-89 Customizing captions (AR)

(/usr/share/texlive/texmf-dist/tex/latex/caption/caption3.sty
Package: caption3 2013/05/02 v1.6-88 caption3 kernel (AR)
Package caption3 Info: TeX engine: e-TeX on input line 57.
\captionmargin=\dimen111
\captionmargin@=\dimen112
\captionwidth=\dimen113
\caption@tempdima=\dimen114
\caption@indent=\dimen115
\caption@parindent=\dimen116
\caption@hangindent=\dimen117
)
\c@ContinuedFloat=\count100
Package caption Info: float package is loaded.
Package caption Info: hyperref package is loaded.
)
(./relatorio_intermedio.aux)
\openout1 = `relatorio_intermedio.aux'.

LaTeX Font Info:    Checking defaults for OML/cmm/m/it on input line 14.
LaTeX Font Info:    ... okay on input line 14.
LaTeX Font Info:    Checking defaults for T1/cmr/m/n on input line 14.
LaTeX Font Info:    ... okay on input line 14.
LaTeX Font Info:    Checking defaults for OT1/cmr/m/n on input line 14.
LaTeX Font Info:    ... okay on input line 14.
LaTeX Font Info:    Checking defaults for OMS/cmsy/m/n on input line 14.
LaTeX Font Info:    ... okay on input line 14.
LaTeX Font Info:    Checking defaults for OMX/cmex/m/n on input line 14.
LaTeX Font Info:    ... okay on input line 14.
LaTeX Font Info:    Checking defaults for U/cmr/m/n on input line 14.
LaTeX Font Info:    ... okay on input line 14.
LaTeX Font Info:    Checking defaults for PD1/pdf/m/n on input line 14.
LaTeX Font Info:    ... okay on input line 14.
\AtBeginShipoutBox=\box28
Package hyperref Info: Link coloring OFF on input line 14.

(/usr/share/texlive/texmf-dist/tex/latex/hyperref/nameref.sty
Package: nameref 2012/10/27 v2.43 Cross-referencing by name of section

(/usr/share/texlive/texmf-dist/tex/generic/oberdiek/gettitlestring.sty
Package: gettitlestring 2010/12/03 v1.4 Cleanup title references (HO)
)
\c@section@level=\count101
)
LaTeX Info: Redefining \ref on input line 14.
LaTeX Info: Redefining \pageref on input line 14.
LaTeX Info: Redefining \nameref on input line 14.

(./relatorio_intermedio.out) (./relatorio_intermedio.out)
\@outlinefile=\write4
\openout4 = `relatorio_intermedio.out'.


(/usr/share/texlive/texmf-dist/tex/context/base/supp-pdf.mkii
[Loading MPS to PDF converter (version 2006.09.02).]
\scratchcounter=\count102
\scratchdimen=\dimen118
\scratchbox=\box29
\nofMPsegments=\count103
\nofMParguments=\count104
\everyMPshowfont=\toks19
\MPscratchCnt=\count105
\MPscratchDim=\dimen119
\MPnumerator=\count106
\makeMPintoPDFobject=\count107
\everyMPtoPDFconversion=\toks20
) (/usr/share/texlive/texmf-dist/tex/latex/oberdiek/epstopdf-base.sty
Package: epstopdf-base 2010/02/09 v2.5 Base part for package epstopdf

(/usr/share/texlive/texmf-dist/tex/latex/oberdiek/grfext.sty
Package: grfext 2010/08/19 v1.1 Manage graphics extensions (HO)
)
Package grfext Info: Graphics extension search list:
(grfext)             [.png,.pdf,.jpg,.mps,.jpeg,.jbig2,.jb2,.PNG,.PDF,.JPG,.JPE
G,.JBIG2,.JB2,.eps]
(grfext)             \AppendGraphicsExtensions on input line 452.

(/usr/share/texlive/texmf-dist/tex/latex/latexconfig/epstopdf-sys.cfg
File: epstopdf-sys.cfg 2010/07/13 v1.3 Configuration of (r)epstopdf for TeX Liv
e
))
Package caption Info: Begin \AtBeginDocument code.
Package caption Info: End \AtBeginDocument code.

(./rosto.tex <./title.png, id=48, 674.2791pt x 156.8259pt>
File: ./title.png Graphic file (type png)
 <use ./title.png>
Package pdftex.def Info: ./title.png used on input line 5.
(pdftex.def)             Requested size: 170.71652pt x 39.7041pt.
LaTeX Font Info:    External font `cmex10' loaded for size
(Font)              <7> on input line 25.
LaTeX Font Info:    External font `cmex10' loaded for size
(Font)              <5> on input line 25.
Package babel Info: Redefining portuges shorthand "|
(babel)             in language append on input line 39.
Package babel Info: Redefining portuges shorthand "|
(babel)             in language append on input line 39.

[1

{/var/lib/texmf/fonts/map/pdftex/updmap/pdftex.map} <./title.png (PNG copy)>]) 
(./relatorio_intermedio.toc)
\tf@toc=\write5
\openout5 = `relatorio_intermedio.toc'.

Package babel Info: Redefining portuges shorthand "|
(babel)             in language append on input line 25.
Package babel Info: Redefining portuges shorthand "|
(babel)             in language append on input line 25.
 [1]
Package babel Info: Redefining portuges shorthand "|
(babel)             in language append on input line 27.
Package babel Info: Redefining portuges shorthand "|
(babel)             in language append on input line 36.

<general.png, id=79, 755.82375pt x 244.915pt>
File: general.png Graphic file (type png)
 <use general.png>
Package pdftex.def Info: general.png used on input line 47.
(pdftex.def)             Requested size: 340.11754pt x 110.21072pt.
Package babel Info: Redefining portuges shorthand "|
(babel)             in language append on input line 52.
LaTeX Font Info:    Try loading font information for OMS+cmr on input line 57.

(/usr/share/texlive/texmf-dist/tex/latex/base/omscmr.fd
File: omscmr.fd 1999/05/25 v2.5h Standard LaTeX font definitions
)
LaTeX Font Info:    Font shape `OMS/cmr/m/n' in size <10> not available
(Font)              Font shape `OMS/cmsy/m/n' tried instead on input line 57.
Package babel Info: Redefining portuges shorthand "|
(babel)             in language append on input line 67.
Package babel Info: Redefining portuges shorthand "|
(babel)             in language append on input line 67.
pdfTeX warning (ext4): destination with the same identifier (name{page.1}) has 
been already used, duplicate ignored
<to be read again> 
                   \relax 
l.67 
      [1 <./general.png>] <App_geral.png, id=88, 770.88pt x 524.31177pt>
File: App_geral.png Graphic file (type png)

<use App_geral.png>
Package pdftex.def Info: App_geral.png used on input line 70.
(pdftex.def)             Requested size: 308.34654pt x 209.721pt.
Package babel Info: Redefining portuges shorthand "|
(babel)             in language append on input line 82.
Package babel Info: Redefining portuges shorthand "|
(babel)             in language append on input line 82.
 [2 <./App_geral.png>]
<ShowLogs.png, id=95, 219.82124pt x 424.58624pt>
File: ShowLogs.png Graphic file (type png)
 <use ShowLogs.png>
Package pdftex.def Info: ShowLogs.png used on input line 95.
(pdftex.def)             Requested size: 120.90204pt x 233.52315pt.
Package babel Info: Redefining portuges shorthand "|
(babel)             in language append on input line 100.
Package babel Info: Redefining portuges shorthand "|
(babel)             in language append on input line 100.
 [3 <./ShowLogs.png>]
Package babel Info: Redefining portuges shorthand "|
(babel)             in language append on input line 100.
Package babel Info: Redefining portuges shorthand "|
(babel)             in language append on input line 106.
Package babel Info: Redefining portuges shorthand "|
(babel)             in language append on input line 110.
Package babel Info: Redefining portuges shorthand "|
(babel)             in language append on input line 115.
Package babel Info: Redefining portuges shorthand "|
(babel)             in language append on input line 125.
Package babel Info: Redefining portuges shorthand "|
(babel)             in language append on input line 125.
 [4] <DB-ER.png, id=105, 674.52pt x 331.59177pt>
File: DB-ER.png Graphic file (type png)
 <use DB-ER.png>
Package pdftex.def Info: DB-ER.png used on input line 137.
(pdftex.def)             Requested size: 269.80322pt x 132.63435pt.

<DB-script.png, id=107, 288.07625pt x 294.09875pt>
File: DB-script.png Graphic file (type png)
 <use DB-script.png>
Package pdftex.def Info: DB-script.png used on input line 146.
(pdftex.def)             Requested size: 144.03777pt x 147.04901pt.
Package babel Info: Redefining portuges shorthand "|
(babel)             in language append on input line 154.
Package babel Info: Redefining portuges shorthand "|
(babel)             in language append on input line 154.
 [5 <./DB-ER.png> <./DB-script.png>]
Package babel Info: Redefining portuges shorthand "|
(babel)             in language append on input line 155.
Package babel Info: Redefining portuges shorthand "|
(babel)             in language append on input line 159.
 <welcomee.png, id=115, 328.22626pt x 585.18625pt>
File: welcomee.png Graphic file (type png)

<use welcomee.png>
Package pdftex.def Info: welcomee.png used on input line 166.
(pdftex.def)             Requested size: 110.40253pt x 196.83554pt.
 <welcome.png, id=116, 325.215pt x 588.1975pt>
File: welcome.png Graphic file (type png)

<use welcome.png>
Package pdftex.def Info: welcome.png used on input line 170.
(pdftex.def)             Requested size: 110.40253pt x 199.67934pt.
 <AddDevice.png, id=117, 330.23375pt x 587.19376pt>
File: AddDevice.png Graphic file (type png)

<use AddDevice.png>
Package pdftex.def Info: AddDevice.png used on input line 174.
(pdftex.def)             Requested size: 110.40253pt x 196.31017pt.
 <newalarm.png, id=118, 326.21875pt x 586.19pt>
File: newalarm.png Graphic file (type png)

<use newalarm.png>
Package pdftex.def Info: newalarm.png used on input line 181.
(pdftex.def)             Requested size: 100.04768pt x 179.77606pt.
 <login.png, id=119, 329.23pt x 587.19376pt>
File: login.png Graphic file (type png)
 <use login.png>
Package pdftex.def Info: login.png used on input line 185.
(pdftex.def)             Requested size: 100.04768pt x 178.43529pt.

<drop.png, id=120, 332.24126pt x 586.19pt>
File: drop.png Graphic file (type png)
 <use drop.png>
Package pdftex.def Info: drop.png used on input line 189.
(pdftex.def)             Requested size: 100.04768pt x 176.52025pt.
Package babel Info: Redefining portuges shorthand "|
(babel)             in language append on input line 193.
Package babel Info: Redefining portuges shorthand "|
(babel)             in language append on input line 193.
 [6 <./welcomee.png> <./welcome.png> <./AddDevice.png>] <addDev.png, id=127, 32
9.23pt x 587.19376pt>
File: addDev.png Graphic file (type png)

<use addDev.png>
Package pdftex.def Info: addDev.png used on input line 198.
(pdftex.def)             Requested size: 100.04768pt x 178.43529pt.
 <dropdown.png, id=128, 329.23pt x 589.20125pt>
File: dropdown.png Graphic file (type png)

<use dropdown.png>
Package pdftex.def Info: dropdown.png used on input line 202.
(pdftex.def)             Requested size: 100.04768pt x 179.0453pt.
 <addAlarm.png, id=129, 331.2375pt x 586.19pt>
File: addAlarm.png Graphic file (type png)

<use addAlarm.png>
Package pdftex.def Info: addAlarm.png used on input line 206.
(pdftex.def)             Requested size: 100.04768pt x 177.04797pt.
 <alarmss.png, id=131, 328.22626pt x 586.19pt>
File: alarmss.png Graphic file (type png)

<use alarmss.png>
Package pdftex.def Info: alarmss.png used on input line 215.
(pdftex.def)             Requested size: 134.54979pt x 240.29472pt.
 <logss.png, id=132, 330.23375pt x 585.18625pt>
File: logss.png Graphic file (type png)

<use logss.png>
Package pdftex.def Info: logss.png used on input line 219.
(pdftex.def)             Requested size: 134.54979pt x 238.43674pt.
Package babel Info: Redefining portuges shorthand "|
(babel)             in language append on input line 223.
Package babel Info: Redefining portuges shorthand "|
(babel)             in language append on input line 223.
 [7 <./newalarm.png> <./login.png> <./drop.png> <./addDev.png> <./dropdown.png>
 <./addAlarm.png>]
<login2.png, id=139, 328.22626pt x 588.1975pt>
File: login2.png Graphic file (type png)
 <use login2.png>
Package pdftex.def Info: login2.png used on input line 228.
(pdftex.def)             Requested size: 127.82188pt x 229.06401pt.

<show.png, id=140, 328.22626pt x 588.1975pt>
File: show.png Graphic file (type png)
 <use show.png>
Package pdftex.def Info: show.png used on input line 232.
(pdftex.def)             Requested size: 127.82188pt x 229.06401pt.
Package babel Info: Redefining portuges shorthand "|
(babel)             in language append on input line 238.
Package babel Info: Redefining portuges shorthand "|
(babel)             in language append on input line 241.
Package babel Info: Redefining portuges shorthand "|
(babel)             in language append on input line 241.
 [8 <./alarmss.png> <./logss.png> <./login2.png> <./show.png>]
<logfirst.png, id=148, 1258.7025pt x 117.43875pt>
File: logfirst.png Graphic file (type png)
 <use logfirst.png>
Package pdftex.def Info: logfirst.png used on input line 246.
(pdftex.def)             Requested size: 413.99895pt x 38.62587pt.

Overfull \hbox (68.99895pt too wide) in paragraph at lines 246--247
[][] 
 []

<newalarmm.png, id=150, 270.00874pt x 117.43875pt>
File: newalarmm.png Graphic file (type png)
 <use newalarmm.png>
Package pdftex.def Info: newalarmm.png used on input line 254.
(pdftex.def)             Requested size: 135.00403pt x 58.71922pt.

<newtime.png, id=151, 1252.68pt x 121.45375pt>
File: newtime.png Graphic file (type png)
 <use newtime.png>
Package pdftex.def Info: newtime.png used on input line 262.
(pdftex.def)             Requested size: 413.99895pt x 40.13914pt.

Overfull \hbox (68.99895pt too wide) in paragraph at lines 262--263
 [][] 
 []

<newdevvv.png, id=152, 361.35pt x 153.57375pt>
File: newdevvv.png Graphic file (type png)
 <use newdevvv.png>
Package pdftex.def Info: newdevvv.png used on input line 270.
(pdftex.def)             Requested size: 144.53743pt x 61.4284pt.
Package babel Info: Redefining portuges shorthand "|
(babel)             in language append on input line 278.
Package babel Info: Redefining portuges shorthand "|
(babel)             in language append on input line 278.
 [9 <./logfirst.png> <./newalarmm.png> <./newtime.png> <./newdevvv.png (PNG cop
y)>]
Package babel Info: Redefining portuges shorthand "|
(babel)             in language append on input line 278.
Package babel Info: Redefining portuges shorthand "|
(babel)             in language append on input line 290.
Package babel Info: Redefining portuges shorthand "|
(babel)             in language append on input line 290.
 [10]
LaTeX Font Info:    Try loading font information for T1+cmtt on input line 293.


(/usr/share/texlive/texmf-dist/tex/latex/base/t1cmtt.fd
File: t1cmtt.fd 1999/05/25 v2.5h Standard LaTeX font definitions
)
Overfull \hbox (8.22052pt too wide) in paragraph at lines 293--294
[]\T1/cmr/m/n/10 [FILE16] \T1/cmtt/m/n/10 http://developer.android.com/referenc
e/java/io/File.html\T1/cmr/m/n/10 ,
 []


Overfull \hbox (50.04364pt too wide) in paragraph at lines 296--297
[]\T1/cmr/m/n/10 [THREAD16] \T1/cmtt/m/n/10 http://developer.android.com/refere
nce/java/lang/Thread.html\T1/cmr/m/n/10 ,
 []


Overfull \hbox (40.74036pt too wide) in paragraph at lines 299--299
[]\T1/cmtt/m/n/10 http://developer.android.com/reference/java/net/HttpURLConnec
tion.html\T1/cmr/m/n/10 ,
 []


Overfull \hbox (19.74548pt too wide) in paragraph at lines 302--302
[]\T1/cmtt/m/n/10 http://developer.android.com/reference/java/net/URLConnection
.html\T1/cmr/m/n/10 ,
 []


Overfull \hbox (68.73352pt too wide) in paragraph at lines 305--306
[]\T1/cmr/m/n/10 [JSON16] \T1/cmtt/m/n/10 http://developer.android.com/referenc
e/android/util/JsonReader.html\T1/cmr/m/n/10 ,
 []


Overfull \hbox (56.48651pt too wide) in paragraph at lines 308--308
[]\T1/cmtt/m/n/10 http://developer.android.com/training/notify-user/build-notif
ication.html\T1/cmr/m/n/10 ,
 []


Overfull \hbox (27.46582pt too wide) in paragraph at lines 316--316
[]\T1/cmtt/m/n/10 https://github.com/nicolsc/connected-temperature-sensor/blob/
master/
 []

Package atveryend Info: Empty hook `BeforeClearDocument' on input line 321.
Package babel Info: Redefining portuges shorthand "|
(babel)             in language append on input line 321.
Package babel Info: Redefining portuges shorthand "|
(babel)             in language append on input line 321.
[11]
Package atveryend Info: Empty hook `AfterLastShipout' on input line 321.
 (./relatorio_intermedio.aux)
Package atveryend Info: Executing hook `AtVeryEndDocument' on input line 321.
Package atveryend Info: Executing hook `AtEndAfterFileList' on input line 321.


Package rerunfilecheck Warning: File `relatorio_intermedio.out' has changed.
(rerunfilecheck)                Rerun to get outlines right
(rerunfilecheck)                or use package `bookmark'.

Package rerunfilecheck Info: Checksums for `relatorio_intermedio.out':
(rerunfilecheck)             Before: 1918DE9AB4ACEE8029BDBF322CC12BA8;697
(rerunfilecheck)             After:  FF5BAFD57EF512EF3A04A50E14C45223;710.
Package atveryend Info: Empty hook `AtVeryVeryEnd' on input line 321.
 ) 
Here is how much of TeX's memory you used:
 7195 strings out of 493304
 107521 string characters out of 6139872
 194638 words of memory out of 5000000
 10507 multiletter control sequences out of 15000+600000
 11983 words of font info for 26 fonts, out of 8000000 for 9000
 958 hyphenation exceptions out of 8191
 36i,7n,38p,854b,404s stack positions out of 5000i,500n,10000p,200000b,80000s
{/usr/share/texmf/fonts/enc/dvips/cm-super/cm-super-t1.enc}</usr/share/texliv
e/texmf-dist/fonts/type1/public/amsfonts/cm/cmsy10.pfb></usr/share/texmf/fonts/
type1/public/cm-super/sfbi1200.pfb></usr/share/texmf/fonts/type1/public/cm-supe
r/sfbx1000.pfb></usr/share/texmf/fonts/type1/public/cm-super/sfbx1200.pfb></usr
/share/texmf/fonts/type1/public/cm-super/sfbx1440.pfb></usr/share/texmf/fonts/t
ype1/public/cm-super/sfcc1000.pfb></usr/share/texmf/fonts/type1/public/cm-super
/sfcc1440.pfb></usr/share/texmf/fonts/type1/public/cm-super/sfcc1728.pfb></usr/
share/texmf/fonts/type1/public/cm-super/sfrm1000.pfb></usr/share/texmf/fonts/ty
pe1/public/cm-super/sfrm1200.pfb></usr/share/texmf/fonts/type1/public/cm-super/
sfti1000.pfb></usr/share/texmf/fonts/type1/public/cm-super/sftt1000.pfb>
Output written on relatorio_intermedio.pdf (13 pages, 793275 bytes).
PDF statistics:
 236 PDF objects out of 1000 (max. 8388607)
 184 compressed objects within 2 object streams
 49 named destinations out of 1000 (max. 500000)
 204 words of extra memory for PDF output out of 10000 (max. 10000000)

