This is pdfTeX, Version 3.1415926-2.5-1.40.14 (TeX Live 2013/Debian) (format=pdflatex 2016.3.18)  29 APR 2016 11:53
entering extended mode
 restricted \write18 enabled.
 %&-line parsing enabled.
**rosto.tex
(./rosto.tex
LaTeX2e <2011/06/27>
Babel <3.9h> and hyphenation patterns for 78 languages loaded.

! LaTeX Error: Environment titlepage undefined.

See the LaTeX manual or LaTeX Companion for explanation.
Type  H <return>  for immediate help.
 ...                                              
                                                  
l.1 \begin{titlepage}
                     
Your command was ignored.
Type  I <command> <return>  to replace it with another command,
or  <return>  to continue without it.


! LaTeX Error: Missing \begin{document}.

See the LaTeX manual or LaTeX Companion for explanation.
Type  H <return>  for immediate help.
 ...                                              
                                                  
l.3 	\begin{center}
                   
You're in trouble here.  Try typing  <return>  to proceed.
If that doesn't work, type  X <return>  to quit.


Overfull \hbox (20.0pt too wide) in paragraph at lines 3--3
[] 
 []

! Undefined control sequence.
l.5 		\includegraphics
                      [width=6cm]{./title}\\[3cm]
The control sequence at the end of the top line
of your error message was never \def'ed. If you have
misspelled it (e.g., `\hobx'), type `I' and the correct
spelling (e.g., `I\hbox'). Otherwise just continue,
and I'll forget about whatever was undefined.

Missing character: There is no [ in font nullfont!
Missing character: There is no w in font nullfont!
Missing character: There is no i in font nullfont!
Missing character: There is no d in font nullfont!
Missing character: There is no t in font nullfont!
Missing character: There is no h in font nullfont!
Missing character: There is no = in font nullfont!
Missing character: There is no 6 in font nullfont!
Missing character: There is no c in font nullfont!
Missing character: There is no m in font nullfont!
Missing character: There is no ] in font nullfont!
Missing character: There is no . in font nullfont!
Missing character: There is no / in font nullfont!
Missing character: There is no t in font nullfont!
Missing character: There is no i in font nullfont!
Missing character: There is no t in font nullfont!
Missing character: There is no l in font nullfont!
Missing character: There is no e in font nullfont!
! Undefined control sequence.
<recently read> \LARGE 
                       
l.7 		\textsc{\LARGE Redes M√≥veis e Sem Fios}
                                              \\[1.5cm]
The control sequence at the end of the top line
of your error message was never \def'ed. If you have
misspelled it (e.g., `\hobx'), type `I' and the correct
spelling (e.g., `I\hbox'). Otherwise just continue,
and I'll forget about whatever was undefined.

Missing character: There is no √ in font cmcsc10!
Missing character: There is no ≥ in font cmcsc10!

Overfull \hbox (29.9776pt too wide) in paragraph at lines 7--7
 []\OT1/cmr/m/sc/10 Redes 
 []


Overfull \hbox (29.1998pt too wide) in paragraph at lines 7--7
 \OT1/cmr/m/sc/10 Mveis 
 []


Overfull \hbox (5.57774pt too wide) in paragraph at lines 7--7
 \OT1/cmr/m/sc/10 e 
 []


Overfull \hbox (19.15541pt too wide) in paragraph at lines 7--7
 \OT1/cmr/m/sc/10 Sem 
 []


Overfull \hbox (21.08043pt too wide) in paragraph at lines 7--7
 \OT1/cmr/m/sc/10 Fios 
 []

! Undefined control sequence.
<recently read> \Large 
                       
l.9 		\textsc{\Large Relat√≥rio Final  }
                                        \\[1.5cm]
The control sequence at the end of the top line
of your error message was never \def'ed. If you have
misspelled it (e.g., `\hobx'), type `I' and the correct
spelling (e.g., `I\hbox'). Otherwise just continue,
and I'll forget about whatever was undefined.

Missing character: There is no √ in font cmcsc10!
Missing character: There is no ≥ in font cmcsc10!

Overfull \hbox (45.4886pt too wide) in paragraph at lines 9--9
 []\OT1/cmr/m/sc/10 Relatrio 
 []


Overfull \hbox (13.92488pt too wide) in paragraph at lines 9--9
 \OT1/cmr/m/sc/10 Fi- 
 []


Overfull \hbox (17.39993pt too wide) in paragraph at lines 9--9
 \OT1/cmr/m/sc/10 nal 
 []


Overfull \hbox (67.73573pt too wide) in paragraph at lines 12--12
 []\OT1/cmr/m/sc/10 Development 
 []


Overfull \hbox (11.71107pt too wide) in paragraph at lines 12--12
 \OT1/cmr/m/sc/10 of 
 []


Overfull \hbox (13.96655pt too wide) in paragraph at lines 12--12
 \OT1/cmr/m/sc/10 In- 
 []


Overfull \hbox (21.28876pt too wide) in paragraph at lines 12--12
 \OT1/cmr/m/sc/10 ter- 
 []


Overfull \hbox (17.62213pt too wide) in paragraph at lines 12--12
 \OT1/cmr/m/sc/10 net 
 []


Overfull \hbox (11.71107pt too wide) in paragraph at lines 12--12
 \OT1/cmr/m/sc/10 of 
 []


Overfull \hbox (34.1387pt too wide) in paragraph at lines 12--12
 \OT1/cmr/m/sc/10 Things 
 []


Overfull \hbox (20.06656pt too wide) in paragraph at lines 12--12
 \OT1/cmr/m/sc/10 sen- 
 []


Overfull \hbox (16.95549pt too wide) in paragraph at lines 12--12
 \OT1/cmr/m/sc/10 sor 
 []


Overfull \hbox (23.73322pt too wide) in paragraph at lines 12--12
 \OT1/cmr/m/sc/10 mon- 
 []


Overfull \hbox (6.79994pt too wide) in paragraph at lines 12--12
 \OT1/cmr/m/sc/10 i- 
 []


Overfull \hbox (22.06654pt too wide) in paragraph at lines 12--12
 \OT1/cmr/m/sc/10 tor- 
 []


Overfull \hbox (15.56659pt too wide) in paragraph at lines 12--12
 \OT1/cmr/m/sc/10 ing 
 []


Overfull \hbox (28.33324pt too wide) in paragraph at lines 12--12
 \OT1/cmr/m/sc/10 based 
 []


Overfull \hbox (12.48885pt too wide) in paragraph at lines 12--12
 \OT1/cmr/m/sc/10 on 
 []


Overfull \hbox (19.32205pt too wide) in paragraph at lines 12--12
 \OT1/cmr/m/sc/10 Sig- 
 []


Overfull \hbox (22.29428pt too wide) in paragraph at lines 12--12
 \OT1/cmr/m/sc/10 Fox, 
 []


Overfull \hbox (17.93875pt too wide) in paragraph at lines 12--12
 \OT1/cmr/m/sc/10 Ar- 
 []


Overfull \hbox (27.8888pt too wide) in paragraph at lines 12--12
 \OT1/cmr/m/sc/10 duino 
 []


Overfull \hbox (18.51106pt too wide) in paragraph at lines 12--12
 \OT1/cmr/m/sc/10 and 
 []


Overfull \hbox (18.04987pt too wide) in paragraph at lines 12--12
 \OT1/cmr/m/sc/10 An- 
 []


Overfull \hbox (27.66656pt too wide) in paragraph at lines 12--12
 \OT1/cmr/m/sc/10 droid 
 []

! Undefined control sequence.
l.22 			\begin{flushleft} \large
                                
The control sequence at the end of the top line
of your error message was never \def'ed. If you have
misspelled it (e.g., `\hobx'), type `I' and the correct
spelling (e.g., `I\hbox'). Otherwise just continue,
and I'll forget about whatever was undefined.

Missing character: There is no B in font nullfont!
Missing character: There is no e in font nullfont!
Missing character: There is no r in font nullfont!
Missing character: There is no n in font nullfont!
Missing character: There is no a in font nullfont!
Missing character: There is no r in font nullfont!
Missing character: There is no d in font nullfont!
Missing character: There is no o in font nullfont!
Missing character: There is no G in font nullfont!
Missing character: There is no o in font nullfont!
Missing character: There is no m in font nullfont!
Missing character: There is no e in font nullfont!
Missing character: There is no s in font nullfont!
Missing character: There is no , in font nullfont!
Missing character: There is no 7 in font nullfont!
Missing character: There is no 5 in font nullfont!
Missing character: There is no 5 in font nullfont!
Missing character: There is no 7 in font nullfont!
Missing character: There is no 3 in font nullfont!
LaTeX Font Info:    External font `cmex10' loaded for size
(Font)              <7> on input line 25.
LaTeX Font Info:    External font `cmex10' loaded for size
(Font)              <5> on input line 25.
! Undefined control sequence.
l.27 			\begin{flushright} \large
                                 
The control sequence at the end of the top line
of your error message was never \def'ed. If you have
misspelled it (e.g., `\hobx'), type `I' and the correct
spelling (e.g., `I\hbox'). Otherwise just continue,
and I'll forget about whatever was undefined.

Missing character: There is no D in font nullfont!
Missing character: There is no i in font nullfont!
Missing character: There is no o in font nullfont!
Missing character: There is no g in font nullfont!
Missing character: There is no o in font nullfont!
Missing character: There is no M in font nullfont!
Missing character: There is no a in font nullfont!
Missing character: There is no r in font nullfont!
Missing character: There is no t in font nullfont!
Missing character: There is no i in font nullfont!
Missing character: There is no n in font nullfont!
Missing character: There is no s in font nullfont!
Missing character: There is no , in font nullfont!
Missing character: There is no 7 in font nullfont!
Missing character: There is no 5 in font nullfont!
Missing character: There is no 4 in font nullfont!
Missing character: There is no 6 in font nullfont!
Missing character: There is no 2 in font nullfont!

Overfull \hbox (3276.74998pt too wide) in paragraph at lines 20--31
 $[]$ 
 []


Overfull \hbox (3276.74998pt too wide) in paragraph at lines 20--31
 []$ 
 []

! Undefined control sequence.
l.34 		{\large
               \today}
The control sequence at the end of the top line
of your error message was never \def'ed. If you have
misspelled it (e.g., `\hobx'), type `I' and the correct
spelling (e.g., `I\hbox'). Otherwise just continue,
and I'll forget about whatever was undefined.

! Undefined control sequence.
l.34 		{\large \today
                     }
The control sequence at the end of the top line
of your error message was never \def'ed. If you have
misspelled it (e.g., `\hobx'), type `I' and the correct
spelling (e.g., `I\hbox'). Otherwise just continue,
and I'll forget about whatever was undefined.


! LaTeX Error: \begin{document} ended by \end{titlepage}.

See the LaTeX manual or LaTeX Companion for explanation.
Type  H <return>  for immediate help.
 ...                                              
                                                  
l.39 \end{titlepage}
                    
Your command was ignored.
Type  I <command> <return>  to replace it with another command,
or  <return>  to continue without it.

)
! Emergency stop.
<*> rosto.tex
             
*** (job aborted, no legal \end found)

 
Here is how much of TeX's memory you used:
 14 strings out of 493304
 210 string characters out of 6139871
 52880 words of memory out of 5000000
 3572 multiletter control sequences out of 15000+600000
 3941 words of font info for 15 fonts, out of 8000000 for 9000
 957 hyphenation exceptions out of 8191
 20i,3n,18p,137b,176s stack positions out of 5000i,500n,10000p,200000b,80000s
!  ==> Fatal error occurred, no output PDF file produced!
